2024-04-09 19:03:07 - INFO -  NEW Game
2024-04-09 19:03:08 - INFO - RIGHT
2024-04-09 19:03:09 - INFO - UP
2024-04-09 19:03:09 - INFO - EAT_APPLE
2024-04-09 19:03:09 - INFO - RIGHT
2024-04-09 19:03:10 - INFO - DOWN
2024-04-09 19:03:10 - INFO - RIGHT
2024-04-09 19:03:10 - INFO - DOWN
2024-04-09 19:03:11 - INFO - RIGHT
2024-04-09 19:03:12 - INFO - DOWN
2024-04-09 19:03:12 - INFO - RIGHT
2024-04-09 19:03:12 - INFO - DOWN
2024-04-09 19:03:13 - INFO - RIGHT
2024-04-09 19:03:13 - INFO - DOWN
2024-04-09 19:03:14 - INFO - RIGHT
2024-04-09 19:03:14 - INFO - DOWN
2024-04-09 19:03:15 - INFO - RIGHT
2024-04-09 19:03:15 - INFO - DOWN
2024-04-09 19:03:15 - INFO - RIGHT
2024-04-09 19:03:16 - INFO - DOWN
2024-04-09 19:03:16 - INFO - LEFT
2024-04-09 19:03:17 - INFO - EAT_APPLE
2024-04-09 19:03:17 - INFO - UP
2024-04-09 19:03:18 - INFO - LEFT
2024-04-09 19:03:18 - INFO - UP
2024-04-09 19:03:19 - INFO - LEFT
2024-04-09 19:03:19 - INFO - UP
2024-04-09 19:03:19 - INFO - LEFT
2024-04-09 19:03:20 - INFO - UP
2024-04-09 19:03:20 - INFO - UP
2024-04-09 19:03:21 - INFO - LEFT
2024-04-09 19:03:21 - INFO - UP
2024-04-09 19:03:21 - INFO - LEFT
2024-04-09 19:03:22 - INFO - EAT_APPLE
2024-04-09 19:03:23 - INFO - UP
2024-04-09 19:03:23 - INFO - RIGHT
2024-04-09 19:03:23 - INFO - UP
2024-04-09 19:03:24 - INFO - RIGHT
2024-04-09 19:03:24 - INFO - DOWN
2024-04-09 19:03:25 - INFO - RIGHT
2024-04-09 19:03:25 - INFO - DOWN
2024-04-09 19:03:25 - INFO - RIGHT
2024-04-09 19:03:26 - INFO - DOWN
2024-04-09 19:03:26 - INFO - RIGHT
2024-04-09 19:03:27 - INFO - DOWN
2024-04-09 19:03:27 - INFO - RIGHT
2024-04-09 19:03:28 - INFO - DOWN
2024-04-09 19:03:28 - INFO - RIGHT
2024-04-09 19:03:28 - INFO - DOWN
2024-04-09 19:03:29 - INFO - RIGHT
2024-04-09 19:03:29 - INFO - DOWN
2024-04-09 19:03:30 - INFO - RIGHT
2024-04-09 19:03:30 - INFO - DOWN
2024-04-09 19:03:30 - INFO - RIGHT
2024-04-09 19:03:31 - INFO - DOWN
2024-04-09 19:03:31 - INFO - RIGHT
2024-04-09 19:03:32 - INFO - EAT_APPLE
2024-04-09 19:03:32 - INFO - UP
2024-04-09 19:03:33 - INFO - LEFT
2024-04-09 19:03:33 - INFO - UP
2024-04-09 19:03:34 - INFO - LEFT
2024-04-09 19:03:34 - INFO - UP
2024-04-09 19:03:34 - INFO - LEFT
2024-04-09 19:03:35 - INFO - UP
2024-04-09 19:03:35 - INFO - LEFT
2024-04-09 19:03:36 - INFO - UP
2024-04-09 19:03:36 - INFO - LEFT
2024-04-09 19:03:36 - INFO - UP
2024-04-09 19:03:37 - INFO - LEFT
2024-04-09 19:03:37 - INFO - UP
2024-04-09 19:03:38 - INFO - LEFT
2024-04-09 19:03:38 - INFO - UP
2024-04-09 19:03:39 - INFO - RIGHT
2024-04-09 19:03:39 - INFO - UP
2024-04-09 19:03:39 - INFO - LEFT
2024-04-09 19:03:40 - INFO - UP
2024-04-09 19:03:40 - INFO - RIGHT
2024-04-09 19:03:41 - INFO - UP
2024-04-09 19:03:41 - INFO - LEFT
2024-04-09 19:03:41 - INFO - EAT SNAKE
2024-04-09 19:03:41 - INFO - Game is over! Your score is 9
2024-04-09 19:03:41 - INFO - GAME_OVER
2024-04-09 19:03:44 - INFO - RESTART. NEW GAME
2024-04-09 19:03:49 - INFO - Sciana
2024-04-09 19:03:49 - INFO - Game is over! Your score is 4
2024-04-09 19:03:49 - INFO - GAME_OVER
2024-04-09 19:09:45 - INFO -  NEW Game
2024-04-09 19:09:45 - CRITICAL - NEW GAME
2024-04-09 19:09:48 - INFO - RIGHT
2024-04-09 19:09:49 - INFO - UP
2024-04-09 19:09:49 - INFO - RIGHT
2024-04-09 19:09:50 - INFO - UP
2024-04-09 19:09:50 - INFO - LEFT
2024-04-09 19:09:50 - INFO - UP
2024-04-09 19:09:51 - INFO - RIGHT
2024-04-09 19:09:51 - INFO - UP
2024-04-09 19:09:52 - INFO - LEFT
2024-04-09 19:09:52 - INFO - UP
2024-04-09 19:09:52 - INFO - RIGHT
2024-04-09 19:09:52 - INFO - EAT_APPLE
2024-04-09 19:09:53 - INFO - UP
2024-04-09 19:09:54 - INFO - LEFT
2024-04-09 19:09:54 - INFO - UP
2024-04-09 19:09:55 - INFO - RIGHT
2024-04-09 19:09:56 - INFO - EAT_APPLE
2024-04-09 19:09:57 - INFO - DOWN
2024-04-09 19:09:58 - INFO - LEFT
2024-04-09 19:09:58 - INFO - DOWN
2024-04-09 19:09:59 - INFO - EAT_APPLE
2024-04-09 19:10:00 - INFO - RIGHT
2024-04-09 19:10:00 - INFO - DOWN
2024-04-09 19:10:01 - INFO - RIGHT
2024-04-09 19:10:01 - INFO - DOWN
2024-04-09 19:10:02 - INFO - RIGHT
2024-04-09 19:10:03 - INFO - DOWN
2024-04-09 19:10:04 - INFO - LEFT
2024-04-09 19:10:04 - INFO - EAT_APPLE
2024-04-09 19:10:06 - INFO - UP
2024-04-09 19:10:06 - INFO - RIGHT
2024-04-09 19:10:07 - INFO - UP
2024-04-09 19:10:07 - INFO - RIGHT
2024-04-09 19:10:07 - INFO - UP
2024-04-09 19:10:08 - INFO - RIGHT
2024-04-09 19:10:08 - INFO - UP
2024-04-09 19:10:08 - INFO - RIGHT
2024-04-09 19:10:10 - INFO - UP
2024-04-09 19:10:10 - INFO - EAT_APPLE
2024-04-09 19:10:11 - INFO - LEFT
2024-04-09 19:10:11 - INFO - UP
2024-04-09 19:10:12 - INFO - LEFT
2024-04-09 19:10:12 - INFO - UP
2024-04-09 19:10:12 - INFO - LEFT
2024-04-09 19:10:12 - INFO - EAT_APPLE
2024-04-09 19:10:14 - INFO - DOWN
2024-04-09 19:10:14 - INFO - LEFT
2024-04-09 19:10:16 - INFO - EAT_APPLE
2024-04-09 19:10:16 - INFO - UP
2024-04-09 19:10:17 - INFO - RIGHT
2024-04-09 19:10:19 - INFO - DOWN
2024-04-09 19:10:20 - INFO - LEFT
2024-04-09 19:10:22 - INFO - UP
2024-04-09 19:10:23 - INFO - RIGHT
2024-04-09 19:10:24 - INFO - DOWN
2024-04-09 19:10:28 - INFO - RIGHT
2024-04-09 19:10:29 - INFO - DOWN
2024-04-09 19:10:29 - INFO - RIGHT
2024-04-09 19:10:29 - INFO - EAT_APPLE
2024-04-09 19:10:31 - INFO - UP
2024-04-09 19:10:31 - INFO - LEFT
2024-04-09 19:10:32 - INFO - UP
2024-04-09 19:10:32 - INFO - LEFT
2024-04-09 19:10:34 - INFO - UP
2024-04-09 19:10:35 - INFO - LEFT
2024-04-09 19:10:35 - INFO - UP
2024-04-09 19:10:35 - INFO - LEFT
2024-04-09 19:10:36 - INFO - UP
2024-04-09 19:10:36 - INFO - LEFT
2024-04-09 19:10:36 - INFO - Sciana
2024-04-09 19:10:36 - CRITICAL - SCIANA
2024-04-09 19:10:36 - INFO - Game is over! Your score is 13
2024-04-09 19:10:36 - INFO - GAME_OVER
2024-04-09 19:10:36 - CRITICAL - GAME_OVER
2024-04-09 19:16:12 - INFO -  NEW Game
2024-04-09 19:16:13 - INFO - RIGHT
2024-04-09 19:16:14 - INFO - UP
2024-04-09 19:16:15 - INFO - LEFT
2024-04-09 19:16:15 - INFO - EAT_APPLE
2024-04-09 19:16:16 - INFO - DOWN
2024-04-09 19:16:17 - INFO - RIGHT
2024-04-09 19:16:17 - INFO - DOWN
2024-04-09 19:16:17 - INFO - RIGHT
2024-04-09 19:16:18 - INFO - DOWN
2024-04-09 19:16:18 - INFO - RIGHT
2024-04-09 19:16:19 - INFO - DOWN
2024-04-09 19:16:19 - INFO - RIGHT
2024-04-09 19:16:19 - INFO - DOWN
2024-04-09 19:16:20 - INFO - RIGHT
2024-04-09 19:16:20 - INFO - DOWN
2024-04-09 19:16:21 - INFO - RIGHT
2024-04-09 19:16:22 - INFO - EAT_APPLE
2024-04-09 19:16:23 - INFO - UP
2024-04-09 19:16:23 - INFO - LEFT
2024-04-09 19:16:25 - INFO - DOWN
2024-04-09 19:16:25 - INFO - LEFT
2024-04-09 19:16:27 - INFO - EAT_APPLE
2024-04-09 19:16:27 - INFO - UP
2024-04-09 19:16:28 - INFO - RIGHT
2024-04-09 19:16:28 - INFO - DOWN
2024-04-09 19:16:28 - INFO - EAT SNAKE
2024-04-09 19:16:28 - INFO - Game is over! Your score is 8
2024-04-09 19:16:28 - INFO - GAME_OVER
2024-04-09 19:16:30 - INFO - RESTART. NEW GAME
